api/build/intermediates/manifest_merge_blame_file/debug/manifest-merger-blame-debug-report.txt
1<?xml version="1.0" encoding="utf-8"?>
2<manifest xmlns:android="http://schemas.android.com/apk/res/android"
3    package="aceim.api"
4    android:versionCode="1"
5    android:versionName="0.9.3" >
6
7    <uses-sdk
7-->src/main/AndroidManifest.xml:6:5-8:41
8        android:minSdkVersion="5"
8-->src/main/AndroidManifest.xml:7:9-34
9        android:targetSdkVersion="30" />
9-->src/main/AndroidManifest.xml:8:9-38
10
11</manifest>